<?xml version="1.0" encoding="UTF-8"?>
<!-- Generated by org.testng.reporters.JUnitXMLReporter -->
<testsuite ignored="0" hostname="PS-WIN-LP-676" failures="0" tests="3" name="BagPackSelectionTest" time="75.76" errors="0" timestamp="2025-07-22T02:20:50 IST">
  <testcase classname="com.qa.Swaglabs.tests.LoginPageTest" name="verifyUrl" time="0.062"/>
  <testcase classname="com.qa.Swaglabs.tests.LoginPageTest" name="verifyLogin" time="0.858"/>
  <testcase classname="com.qa.Swaglabs.tests.HomePageTest" name="verifyHomePageLoaded" time="0.261"/>
</testsuite> <!-- BagPackSelectionTest -->
