<?xml version="1.0" encoding="UTF-8"?>
<!-- Generated by org.testng.reporters.JUnitXMLReporter -->
<testsuite ignored="0" hostname="PS-WIN-LP-676" failures="0" tests="3" name="homePageTest_Chrome" time="5.463" errors="0" timestamp="2025-07-23T10:57:47 IST">
  <testcase classname="com.qa.Swaglabs.tests.HomePageTest" name="verifyHomeUrl" time="0.0">
    <skipped/>
  </testcase> <!-- verifyHomeUrl -->
  <testcase classname="com.qa.Swaglabs.tests.HomePageTest" name="verifyHomePageLoaded" time="0.0">
    <skipped/>
  </testcase> <!-- verifyHomePageLoaded -->
  <testcase classname="com.qa.Swaglabs.tests.HomePageTest" name="verifyAddtoCart" time="0.0">
    <skipped/>
  </testcase> <!-- verifyAddtoCart -->
</testsuite> <!-- homePageTest_Chrome -->
