<?xml version="1.0" encoding="UTF-8"?>
<!-- Generated by org.testng.reporters.JUnitXMLReporter -->
<testsuite ignored="0" hostname="PS-WIN-LP-676" failures="0" tests="6" name="loginTest_Firefox" time="8.68" errors="0" timestamp="2025-07-23T10:57:42 IST">
  <testcase classname="com.qa.Swaglabs.tests.LoginPageTest" name="verifyUrl" time="0.0">
    <skipped/>
  </testcase> <!-- verifyUrl -->
  <testcase classname="com.qa.Swaglabs.tests.LoginPageTest" name="verifyWrongCreds" time="0.001">
    <skipped/>
  </testcase> <!-- verifyWrongCreds -->
  <testcase classname="com.qa.Swaglabs.tests.LoginPageTest" name="verifyWrongCreds" time="0.0">
    <skipped/>
  </testcase> <!-- verifyWrongCreds -->
  <testcase classname="com.qa.Swaglabs.tests.LoginPageTest" name="verifyWrongCreds" time="0.0">
    <skipped/>
  </testcase> <!-- verifyWrongCreds -->
  <testcase classname="com.qa.Swaglabs.tests.LoginPageTest" name="verifyWrongCreds" time="0.0">
    <skipped/>
  </testcase> <!-- verifyWrongCreds -->
  <testcase classname="com.qa.Swaglabs.tests.LoginPageTest" name="verifyLogin" time="0.0">
    <skipped/>
  </testcase> <!-- verifyLogin -->
</testsuite> <!-- loginTest_Firefox -->
