<?xml version="1.0" encoding="UTF-8"?>
<!-- Generated by org.testng.reporters.JUnitXMLReporter -->
<testsuite ignored="0" hostname="PS-WIN-LP-676" failures="0" tests="6" name="homePageTest" time="8.711" errors="0" timestamp="2025-07-24T17:58:45 IST">
  <testcase classname="com.qa.Swaglabs.tests.HomePageTest" name="verifyHomeUrl" time="0.017"/>
  <testcase classname="com.qa.Swaglabs.tests.HomePageTest" name="verifyHomePageLoaded" time="0.124"/>
  <testcase classname="com.qa.Swaglabs.tests.HomePageTest" name="verifyHomePageTitle" time="0.015"/>
  <testcase classname="com.qa.Swaglabs.tests.HomePageTest" name="verifyAddtoCart" time="0.183"/>
  <testcase classname="com.qa.Swaglabs.tests.HomePageTest" name="verifyDefaultSort" time="0.088"/>
  <testcase classname="com.qa.Swaglabs.tests.HomePageTest" name="verifyReverseSort" time="0.286"/>
</testsuite> <!-- homePageTest -->
