<?xml version="1.0" encoding="UTF-8"?>
<!-- Generated by org.testng.reporters.JUnitXMLReporter -->
<testsuite ignored="0" hostname="PS-WIN-LP-676" failures="0" tests="12" name="loginTest" time="8.663" errors="0" timestamp="2025-07-24T18:12:02 IST">
  <testcase classname="com.qa.Swaglabs.tests.LoginPageTest" name="verifyUrl" time="0.041"/>
  <testcase classname="com.qa.Swaglabs.tests.HomePageTest" name="verifyHomePageTitle" time="0.018"/>
  <testcase classname="com.qa.Swaglabs.tests.LoginPageTest" name="verifyWrongCreds" time="0.494"/>
  <testcase classname="com.qa.Swaglabs.tests.HomePageTest" name="verifyHomeUrl" time="0.008"/>
  <testcase classname="com.qa.Swaglabs.tests.HomePageTest" name="verifyHomePageLoaded" time="0.111"/>
  <testcase classname="com.qa.Swaglabs.tests.LoginPageTest" name="verifyWrongCreds" time="0.367"/>
  <testcase classname="com.qa.Swaglabs.tests.HomePageTest" name="verifyAddtoCart" time="0.199"/>
  <testcase classname="com.qa.Swaglabs.tests.HomePageTest" name="verifyDefaultSort" time="0.097"/>
  <testcase classname="com.qa.Swaglabs.tests.LoginPageTest" name="verifyWrongCreds" time="0.334"/>
  <testcase classname="com.qa.Swaglabs.tests.HomePageTest" name="verifyReverseSort" time="0.389"/>
  <testcase classname="com.qa.Swaglabs.tests.LoginPageTest" name="verifyWrongCreds" time="0.579"/>
  <testcase classname="com.qa.Swaglabs.tests.LoginPageTest" name="verifyLogin" time="0.44"/>
</testsuite> <!-- loginTest -->
