<?xml version="1.0" encoding="UTF-8"?>
<!-- Generated by org.testng.reporters.JUnitXMLReporter -->
<testsuite ignored="4" hostname="PS-WIN-LP-676" failures="0" tests="3" name="Default test" time="15.128" errors="0" timestamp="2025-07-25T13:47:16 IST">
  <testcase classname="com.qa.Swaglabs.tests.HomePageTest" name="verifyHomePageLoaded" time="0.268"/>
  <testcase classname="com.qa.Swaglabs.tests.HomePageTest" name="verifyAddtoCart" time="0.172"/>
  <testcase classname="com.qa.Swaglabs.tests.HomePageTest" name="verifyRemoveFromBasket" time="10.135"/>
  <testcase classname="com.qa.Swaglabs.tests.HomePageTest" name="verifyReverseSort" time="0.0">
    <ignored/>
  </testcase> <!-- verifyReverseSort -->
  <testcase classname="com.qa.Swaglabs.tests.HomePageTest" name="verifyDefaultSort" time="0.0">
    <ignored/>
  </testcase> <!-- verifyDefaultSort -->
  <testcase classname="com.qa.Swaglabs.tests.HomePageTest" name="verifyHomePageTitle" time="0.0">
    <ignored/>
  </testcase> <!-- verifyHomePageTitle -->
  <testcase classname="com.qa.Swaglabs.tests.HomePageTest" name="verifyHomePageUrl" time="0.0">
    <ignored/>
  </testcase> <!-- verifyHomePageUrl -->
</testsuite> <!-- Default test -->
