<?xml version="1.0" encoding="UTF-8"?>
<!-- Generated by org.testng.reporters.JUnitXMLReporter -->
<testsuite ignored="0" hostname="PS-WIN-LP-676" failures="0" tests="4" name="Default test" time="6.516" errors="0" timestamp="2025-07-23T11:51:13 IST">
  <testcase classname="com.qa.Swaglabs.tests.HomePageTest" name="verifyHomeUrl" time="0.026"/>
  <testcase classname="com.qa.Swaglabs.tests.HomePageTest" name="verifyHomePageLoaded" time="0.158"/>
  <testcase classname="com.qa.Swaglabs.tests.HomePageTest" name="verifyAddtoCart" time="0.177"/>
  <testcase classname="com.qa.Swaglabs.tests.HomePageTest" name="verifyDefaultSort" time="0.072"/>
</testsuite> <!-- Default test -->
