<?xml version="1.0" encoding="UTF-8"?>
<testng-results ignored="0" total="11" passed="11" failed="0" skipped="0">
  <reporter-output>
  </reporter-output>
  <suite started-at="2025-07-23T17:38:13 IST" name="Swaglabs" finished-at="2025-07-23T17:38:25 IST" duration-ms="12072">
    <groups>
    </groups>
    <test started-at="2025-07-23T17:38:13 IST" name="homePageTest" finished-at="2025-07-23T17:38:24 IST" duration-ms="10967">
      <class name="com.qa.Swaglabs.tests.HomePageTest">
        <test-method is-config="true" signature="setup()[pri:0, instance:com.qa.Swaglabs.tests.HomePageTest@53251a66]" started-at="2025-07-23T17:38:13 IST" name="setup" finished-at="2025-07-23T17:38:19 IST" duration-ms="5939" status="PASS">
          <reporter-output>
          </reporter-output>
        </test-method> <!-- setup -->
        <test-method is-config="true" signature="homePageSetup()[pri:0, instance:com.qa.Swaglabs.tests.HomePageTest@53251a66]" started-at="2025-07-23T17:38:19 IST" name="homePageSetup" finished-at="2025-07-23T17:38:20 IST" duration-ms="588" status="PASS">
          <reporter-output>
          </reporter-output>
        </test-method> <!-- homePageSetup -->
        <test-method signature="verifyHomeUrl()[pri:0, instance:com.qa.Swaglabs.tests.HomePageTest@53251a66]" started-at="2025-07-23T17:38:20 IST" name="verifyHomeUrl" description="To Verify Home Page URL" finished-at="2025-07-23T17:38:20 IST" duration-ms="31" status="PASS">
          <reporter-output>
          </reporter-output>
        </test-method> <!-- verifyHomeUrl -->
        <test-method signature="verifyHomePageLoaded()[pri:1, instance:com.qa.Swaglabs.tests.HomePageTest@53251a66]" started-at="2025-07-23T17:38:20 IST" name="verifyHomePageLoaded" description="To verify that the Home Page loads and displays 6 products" finished-at="2025-07-23T17:38:20 IST" duration-ms="320" status="PASS">
          <reporter-output>
          </reporter-output>
        </test-method> <!-- verifyHomePageLoaded -->
        <test-method signature="verifyHomePageTitle()[pri:1, instance:com.qa.Swaglabs.tests.HomePageTest@53251a66]" started-at="2025-07-23T17:38:21 IST" name="verifyHomePageTitle" description="To verify Page Title of Homepage" finished-at="2025-07-23T17:38:21 IST" duration-ms="83" status="PASS">
          <reporter-output>
          </reporter-output>
        </test-method> <!-- verifyHomePageTitle -->
        <test-method signature="verifyAddtoCart()[pri:2, instance:com.qa.Swaglabs.tests.HomePageTest@53251a66]" started-at="2025-07-23T17:38:21 IST" name="verifyAddtoCart" description="To verify that Add to Cart functionality works" finished-at="2025-07-23T17:38:21 IST" duration-ms="249" status="PASS">
          <reporter-output>
          </reporter-output>
        </test-method> <!-- verifyAddtoCart -->
        <test-method signature="verifyDefaultSort()[pri:3, instance:com.qa.Swaglabs.tests.HomePageTest@53251a66]" started-at="2025-07-23T17:38:22 IST" name="verifyDefaultSort" description="To verify that default sorting is applied on Home Page" finished-at="2025-07-23T17:38:22 IST" duration-ms="102" status="PASS">
          <reporter-output>
          </reporter-output>
        </test-method> <!-- verifyDefaultSort -->
        <test-method is-config="true" signature="tearDown()[pri:0, instance:com.qa.Swaglabs.tests.HomePageTest@53251a66]" started-at="2025-07-23T17:38:22 IST" name="tearDown" finished-at="2025-07-23T17:38:24 IST" duration-ms="1999" status="PASS">
          <reporter-output>
          </reporter-output>
        </test-method> <!-- tearDown -->
      </class> <!-- com.qa.Swaglabs.tests.HomePageTest -->
    </test> <!-- homePageTest -->
    <test started-at="2025-07-23T17:38:13 IST" name="loginTest" finished-at="2025-07-23T17:38:25 IST" duration-ms="12072">
      <class name="com.qa.Swaglabs.tests.LoginPageTest">
        <test-method is-config="true" signature="setup()[pri:0, instance:com.qa.Swaglabs.tests.LoginPageTest@6fa34d52]" started-at="2025-07-23T17:38:13 IST" name="setup" finished-at="2025-07-23T17:38:20 IST" duration-ms="6772" status="PASS">
          <reporter-output>
          </reporter-output>
        </test-method> <!-- setup -->
        <test-method is-config="true" signature="goToLoginPage()[pri:0, instance:com.qa.Swaglabs.tests.LoginPageTest@6fa34d52]" started-at="2025-07-23T17:38:20 IST" name="goToLoginPage" finished-at="2025-07-23T17:38:20 IST" duration-ms="256" status="PASS">
          <reporter-output>
          </reporter-output>
        </test-method> <!-- goToLoginPage -->
        <test-method signature="verifyUrl()[pri:1, instance:com.qa.Swaglabs.tests.LoginPageTest@6fa34d52]" started-at="2025-07-23T17:38:20 IST" name="verifyUrl" description="To verify the Login Page URL is correct" finished-at="2025-07-23T17:38:20 IST" duration-ms="19" status="PASS">
          <reporter-output>
          </reporter-output>
        </test-method> <!-- verifyUrl -->
        <test-method is-config="true" signature="goToLoginPage()[pri:0, instance:com.qa.Swaglabs.tests.LoginPageTest@6fa34d52]" started-at="2025-07-23T17:38:20 IST" name="goToLoginPage" finished-at="2025-07-23T17:38:21 IST" duration-ms="366" status="PASS">
          <reporter-output>
          </reporter-output>
        </test-method> <!-- goToLoginPage -->
        <test-method signature="verifyWrongCreds(java.lang.String,java.lang.String,java.lang.String)[pri:1, instance:com.qa.Swaglabs.tests.LoginPageTest@6fa34d52]" started-at="2025-07-23T17:38:21 IST" name="verifyWrongCreds" description="To verify error messages for invalid login credentials" data-provider="invalidCredentials" finished-at="2025-07-23T17:38:21 IST" duration-ms="489" status="PASS">
          <params>
            <param index="0">
              <value>
                <![CDATA[]]>
              </value>
            </param>
            <param index="1">
              <value>
                <![CDATA[]]>
              </value>
            </param>
            <param index="2">
              <value>
                <![CDATA[Epic sadface: Username is required]]>
              </value>
            </param>
          </params>
          <reporter-output>
          </reporter-output>
        </test-method> <!-- verifyWrongCreds -->
        <test-method is-config="true" signature="goToLoginPage()[pri:0, instance:com.qa.Swaglabs.tests.LoginPageTest@6fa34d52]" started-at="2025-07-23T17:38:21 IST" name="goToLoginPage" finished-at="2025-07-23T17:38:22 IST" duration-ms="272" status="PASS">
          <reporter-output>
          </reporter-output>
        </test-method> <!-- goToLoginPage -->
        <test-method signature="verifyWrongCreds(java.lang.String,java.lang.String,java.lang.String)[pri:1, instance:com.qa.Swaglabs.tests.LoginPageTest@6fa34d52]" started-at="2025-07-23T17:38:22 IST" name="verifyWrongCreds" description="To verify error messages for invalid login credentials" data-provider="invalidCredentials" finished-at="2025-07-23T17:38:22 IST" duration-ms="246" status="PASS">
          <params>
            <param index="0">
              <value>
                <![CDATA[]]>
              </value>
            </param>
            <param index="1">
              <value>
                <![CDATA[Test]]>
              </value>
            </param>
            <param index="2">
              <value>
                <![CDATA[Epic sadface: Username is required]]>
              </value>
            </param>
          </params>
          <reporter-output>
          </reporter-output>
        </test-method> <!-- verifyWrongCreds -->
        <test-method is-config="true" signature="goToLoginPage()[pri:0, instance:com.qa.Swaglabs.tests.LoginPageTest@6fa34d52]" started-at="2025-07-23T17:38:22 IST" name="goToLoginPage" finished-at="2025-07-23T17:38:22 IST" duration-ms="149" status="PASS">
          <reporter-output>
          </reporter-output>
        </test-method> <!-- goToLoginPage -->
        <test-method signature="verifyWrongCreds(java.lang.String,java.lang.String,java.lang.String)[pri:1, instance:com.qa.Swaglabs.tests.LoginPageTest@6fa34d52]" started-at="2025-07-23T17:38:22 IST" name="verifyWrongCreds" description="To verify error messages for invalid login credentials" data-provider="invalidCredentials" finished-at="2025-07-23T17:38:22 IST" duration-ms="244" status="PASS">
          <params>
            <param index="0">
              <value>
                <![CDATA[Test]]>
              </value>
            </param>
            <param index="1">
              <value>
                <![CDATA[]]>
              </value>
            </param>
            <param index="2">
              <value>
                <![CDATA[Epic sadface: Password is required]]>
              </value>
            </param>
          </params>
          <reporter-output>
          </reporter-output>
        </test-method> <!-- verifyWrongCreds -->
        <test-method is-config="true" signature="goToLoginPage()[pri:0, instance:com.qa.Swaglabs.tests.LoginPageTest@6fa34d52]" started-at="2025-07-23T17:38:22 IST" name="goToLoginPage" finished-at="2025-07-23T17:38:22 IST" duration-ms="161" status="PASS">
          <reporter-output>
          </reporter-output>
        </test-method> <!-- goToLoginPage -->
        <test-method signature="verifyWrongCreds(java.lang.String,java.lang.String,java.lang.String)[pri:1, instance:com.qa.Swaglabs.tests.LoginPageTest@6fa34d52]" started-at="2025-07-23T17:38:22 IST" name="verifyWrongCreds" description="To verify error messages for invalid login credentials" data-provider="invalidCredentials" finished-at="2025-07-23T17:38:23 IST" duration-ms="375" status="PASS">
          <params>
            <param index="0">
              <value>
                <![CDATA[Test]]>
              </value>
            </param>
            <param index="1">
              <value>
                <![CDATA[Test]]>
              </value>
            </param>
            <param index="2">
              <value>
                <![CDATA[Epic sadface: Username and password do not match any user in this service]]>
              </value>
            </param>
          </params>
          <reporter-output>
          </reporter-output>
        </test-method> <!-- verifyWrongCreds -->
        <test-method is-config="true" signature="goToLoginPage()[pri:0, instance:com.qa.Swaglabs.tests.LoginPageTest@6fa34d52]" started-at="2025-07-23T17:38:23 IST" name="goToLoginPage" finished-at="2025-07-23T17:38:23 IST" duration-ms="208" status="PASS">
          <reporter-output>
          </reporter-output>
        </test-method> <!-- goToLoginPage -->
        <test-method signature="verifyLogin()[pri:3, instance:com.qa.Swaglabs.tests.LoginPageTest@6fa34d52]" started-at="2025-07-23T17:38:23 IST" name="verifyLogin" description="To verify successful login with valid credentials" finished-at="2025-07-23T17:38:23 IST" duration-ms="276" status="PASS">
          <reporter-output>
          </reporter-output>
        </test-method> <!-- verifyLogin -->
        <test-method is-config="true" signature="tearDown()[pri:0, instance:com.qa.Swaglabs.tests.LoginPageTest@6fa34d52]" started-at="2025-07-23T17:38:24 IST" name="tearDown" finished-at="2025-07-23T17:38:25 IST" duration-ms="1418" status="PASS">
          <reporter-output>
          </reporter-output>
        </test-method> <!-- tearDown -->
      </class> <!-- com.qa.Swaglabs.tests.LoginPageTest -->
    </test> <!-- loginTest -->
  </suite> <!-- Swaglabs -->
</testng-results>
