<?xml version="1.0" encoding="UTF-8"?>
<testsuite xmlns:xsi="http://www.w3.org/2001/XMLSchema-instance" xsi:noNamespaceSchemaLocation="https://maven.apache.org/surefire/maven-surefire-plugin/xsd/surefire-test-report.xsd" version="3.0.2" name="TestSuite" time="13.049" tests="11" errors="0" skipped="0" failures="0">
  <properties>
[...]
</properties>
  <testcase name="verifyHomeUrl" classname="com.qa.Swaglabs.tests.HomePageTest" time="0.314">
    <system-out><![CDATA[...
... TestNG 7.11.0 by Cédric Beust (cedric@beust.com)
...

Screenshot saved to: C:\Users\abhishek.rathore1177\eclipse-workspace\swaglabs\Swaglabs\screenshots\verifyHomeUrl_1753272500452.png
]]></system-out>
  </testcase>
  <testcase name="verifyHomePageLoaded" classname="com.qa.Swaglabs.tests.HomePageTest" time="0.428">
    <system-out><![CDATA[Screenshot saved to: C:\Users\abhishek.rathore1177\eclipse-workspace\swaglabs\Swaglabs\screenshots\verifyHomePageLoaded_1753272501043.png
]]></system-out>
  </testcase>
  <testcase name="verifyHomePageTitle" classname="com.qa.Swaglabs.tests.HomePageTest" time="0.477">
    <system-out><![CDATA[Trying with: [] and []
Screenshot saved to: C:\Users\abhishek.rathore1177\eclipse-workspace\swaglabs\Swaglabs\screenshots\verifyHomePageTitle_1753272501506.png
]]></system-out>
  </testcase>
  <testcase name="verifyAddtoCart" classname="com.qa.Swaglabs.tests.HomePageTest" time="0.071">
    <system-out><![CDATA[Trying with: [] and [Test]
Screenshot saved to: C:\Users\abhishek.rathore1177\eclipse-workspace\swaglabs\Swaglabs\screenshots\verifyAddtoCart_1753272502059.png
]]></system-out>
  </testcase>
  <testcase name="verifyDefaultSort" classname="com.qa.Swaglabs.tests.HomePageTest" time="0.307">
    <system-out><![CDATA[Screenshot saved to: C:\Users\abhishek.rathore1177\eclipse-workspace\swaglabs\Swaglabs\screenshots\verifyDefaultSort_1753272502331.png
]]></system-out>
  </testcase>
  <testcase name="verifyUrl" classname="com.qa.Swaglabs.tests.LoginPageTest" time="0.156">
    <system-out><![CDATA[Screenshot saved to: C:\Users\abhishek.rathore1177\eclipse-workspace\swaglabs\Swaglabs\screenshots\verifyUrl_1753272500778.png
]]></system-out>
  </testcase>
  <testcase name="verifyWrongCreds[, , Epic sadface: Username is required](1)" classname="com.qa.Swaglabs.tests.LoginPageTest" time="0.099">
    <system-out><![CDATA[Screenshot saved to: C:\Users\abhishek.rathore1177\eclipse-workspace\swaglabs\Swaglabs\screenshots\verifyWrongCreds_1753272501730.png
]]></system-out>
  </testcase>
  <testcase name="verifyWrongCreds[, Test, Epic sadface: Username is required](2)" classname="com.qa.Swaglabs.tests.LoginPageTest" time="0.278">
    <system-out><![CDATA[Screenshot saved to: C:\Users\abhishek.rathore1177\eclipse-workspace\swaglabs\Swaglabs\screenshots\verifyWrongCreds_1753272502330.png
]]></system-out>
  </testcase>
  <testcase name="verifyWrongCreds[Test, , Epic sadface: Password is required](3)" classname="com.qa.Swaglabs.tests.LoginPageTest" time="0.318">
    <system-out><![CDATA[Trying with: [Test] and []
Screenshot saved to: C:\Users\abhishek.rathore1177\eclipse-workspace\swaglabs\Swaglabs\screenshots\verifyWrongCreds_1753272502798.png
]]></system-out>
  </testcase>
  <testcase name="verifyWrongCreds[Test, Test, Epic sadface: Username and password do not match any user in this service](4)" classname="com.qa.Swaglabs.tests.LoginPageTest" time="0.465">
    <system-out><![CDATA[Trying with: [Test] and [Test]
Screenshot saved to: C:\Users\abhishek.rathore1177\eclipse-workspace\swaglabs\Swaglabs\screenshots\verifyWrongCreds_1753272503418.png
]]></system-out>
  </testcase>
  <testcase name="verifyLogin" classname="com.qa.Swaglabs.tests.LoginPageTest" time="0.406">
    <system-out><![CDATA[Screenshot saved to: C:\Users\abhishek.rathore1177\eclipse-workspace\swaglabs\Swaglabs\screenshots\verifyLogin_1753272504029.png
]]></system-out>
  </testcase>
</testsuite>