<?xml version="1.0" encoding="UTF-8"?>
<!-- Generated by org.testng.reporters.JUnitXMLReporter -->
<testsuite ignored="0" hostname="PS-WIN-LP-676" failures="0" tests="12" name="Edge" time="15.537" errors="0" timestamp="2025-07-24T18:55:51 IST">
  <testcase classname="com.qa.Swaglabs.tests.LoginPageTest" name="verifyLoginUrl" time="0.034"/>
  <testcase classname="com.qa.Swaglabs.tests.LoginPageTest" name="verifyInvalidCreadentials" time="0.536"/>
  <testcase classname="com.qa.Swaglabs.tests.LoginPageTest" name="verifyInvalidCreadentials" time="0.651"/>
  <testcase classname="com.qa.Swaglabs.tests.LoginPageTest" name="verifyInvalidCreadentials" time="0.749"/>
  <testcase classname="com.qa.Swaglabs.tests.LoginPageTest" name="verifyInvalidCreadentials" time="0.844"/>
  <testcase classname="com.qa.Swaglabs.tests.LoginPageTest" name="verifyLogin" time="0.585"/>
  <testcase classname="com.qa.Swaglabs.tests.HomePageTest" name="verifyHomeUrl" time="0.022"/>
  <testcase classname="com.qa.Swaglabs.tests.HomePageTest" name="verifyHomePageTitle" time="0.008"/>
  <testcase classname="com.qa.Swaglabs.tests.HomePageTest" name="verifyHomePageLoaded" time="0.114"/>
  <testcase classname="com.qa.Swaglabs.tests.HomePageTest" name="verifyAddtoCart" time="0.373"/>
  <testcase classname="com.qa.Swaglabs.tests.HomePageTest" name="verifyDefaultSort" time="0.087"/>
  <testcase classname="com.qa.Swaglabs.tests.HomePageTest" name="verifyReverseSort" time="0.271"/>
</testsuite> <!-- Edge -->
