<?xml version="1.0" encoding="UTF-8"?>
<!-- Generated by org.testng.reporters.JUnitXMLReporter -->
<testsuite ignored="0" hostname="PS-WIN-LP-676" failures="0" tests="12" name="Firefox" time="113.305" errors="0" timestamp="2025-07-24T18:57:29 IST">
  <testcase classname="com.qa.Swaglabs.tests.LoginPageTest" name="verifyLoginUrl" time="0.024"/>
  <testcase classname="com.qa.Swaglabs.tests.LoginPageTest" name="verifyInvalidCreadentials" time="0.376"/>
  <testcase classname="com.qa.Swaglabs.tests.LoginPageTest" name="verifyInvalidCreadentials" time="0.276"/>
  <testcase classname="com.qa.Swaglabs.tests.LoginPageTest" name="verifyInvalidCreadentials" time="0.439"/>
  <testcase classname="com.qa.Swaglabs.tests.LoginPageTest" name="verifyInvalidCreadentials" time="0.385"/>
  <testcase classname="com.qa.Swaglabs.tests.LoginPageTest" name="verifyLogin" time="0.318"/>
  <testcase classname="com.qa.Swaglabs.tests.HomePageTest" name="verifyHomeUrl" time="0.011"/>
  <testcase classname="com.qa.Swaglabs.tests.HomePageTest" name="verifyHomePageTitle" time="0.006"/>
  <testcase classname="com.qa.Swaglabs.tests.HomePageTest" name="verifyHomePageLoaded" time="0.12"/>
  <testcase classname="com.qa.Swaglabs.tests.HomePageTest" name="verifyAddtoCart" time="0.209"/>
  <testcase classname="com.qa.Swaglabs.tests.HomePageTest" name="verifyDefaultSort" time="0.096"/>
  <testcase classname="com.qa.Swaglabs.tests.HomePageTest" name="verifyReverseSort" time="0.237"/>
</testsuite> <!-- Firefox -->
