<?xml version="1.0" encoding="UTF-8"?>
<!-- Generated by org.testng.reporters.JUnitXMLReporter -->
<testsuite ignored="0" hostname="PS-WIN-LP-676" failures="0" tests="6" name="homePageTest_edge" time="6.252" errors="0" timestamp="2025-07-24T15:39:36 IST">
  <testcase classname="com.qa.Swaglabs.tests.HomePageTest" name="verifyHomeUrl" time="0.015"/>
  <testcase classname="com.qa.Swaglabs.tests.HomePageTest" name="verifyHomePageLoaded" time="0.179"/>
  <testcase classname="com.qa.Swaglabs.tests.HomePageTest" name="verifyHomePageTitle" time="0.009"/>
  <testcase classname="com.qa.Swaglabs.tests.HomePageTest" name="verifyAddtoCart" time="0.317"/>
  <testcase classname="com.qa.Swaglabs.tests.HomePageTest" name="verifyDefaultSort" time="0.156"/>
  <testcase classname="com.qa.Swaglabs.tests.HomePageTest" name="verifyReverseSort" time="0.324"/>
</testsuite> <!-- homePageTest_edge -->
