<?xml version="1.0" encoding="UTF-8"?>
<!-- Generated by org.testng.reporters.JUnitXMLReporter -->
<testsuite ignored="0" hostname="PS-WIN-LP-676" failures="0" tests="6" name="homePageTest_Firefox" time="12.265" errors="0" timestamp="2025-07-24T15:39:30 IST">
  <testcase classname="com.qa.Swaglabs.tests.HomePageTest" name="verifyHomeUrl" time="0.014"/>
  <testcase classname="com.qa.Swaglabs.tests.HomePageTest" name="verifyHomePageLoaded" time="0.247"/>
  <testcase classname="com.qa.Swaglabs.tests.HomePageTest" name="verifyHomePageTitle" time="0.006"/>
  <testcase classname="com.qa.Swaglabs.tests.HomePageTest" name="verifyAddtoCart" time="0.234"/>
  <testcase classname="com.qa.Swaglabs.tests.HomePageTest" name="verifyDefaultSort" time="0.179"/>
  <testcase classname="com.qa.Swaglabs.tests.HomePageTest" name="verifyReverseSort" time="0.238"/>
</testsuite> <!-- homePageTest_Firefox -->
