<?xml version="1.0" encoding="UTF-8"?>
<testng-results ignored="4" total="7" passed="3" failed="0" skipped="0">
  <reporter-output>
  </reporter-output>
  <suite started-at="2025-07-25T13:47:01 IST" name="Default suite" finished-at="2025-07-25T13:47:16 IST" duration-ms="15128">
    <groups>
    </groups>
    <test started-at="2025-07-25T13:47:01 IST" name="Default test" finished-at="2025-07-25T13:47:16 IST" duration-ms="15128">
      <class name="com.qa.Swaglabs.tests.HomePageTest">
        <test-method is-config="true" signature="setup(java.lang.String)[pri:0, instance:com.qa.Swaglabs.tests.HomePageTest@55c53a33]" started-at="2025-07-25T13:47:01 IST" name="setup" finished-at="2025-07-25T13:47:04 IST" duration-ms="3296" status="PASS">
          <params>
            <param index="0">
              <value>
                <![CDATA[]]>
              </value>
            </param>
          </params>
          <reporter-output>
          </reporter-output>
        </test-method> <!-- setup -->
        <test-method is-config="true" signature="homePageSetup()[pri:0, instance:com.qa.Swaglabs.tests.HomePageTest@55c53a33]" started-at="2025-07-25T13:47:04 IST" name="homePageSetup" finished-at="2025-07-25T13:47:05 IST" duration-ms="713" status="PASS">
          <reporter-output>
          </reporter-output>
        </test-method> <!-- homePageSetup -->
        <test-method signature="verifyHomePageLoaded()[pri:5, instance:com.qa.Swaglabs.tests.HomePageTest@55c53a33]" started-at="2025-07-25T13:47:05 IST" name="verifyHomePageLoaded" description="To verify that the Home Page loads and displays 6 products" finished-at="2025-07-25T13:47:05 IST" duration-ms="268" status="PASS">
          <reporter-output>
          </reporter-output>
        </test-method> <!-- verifyHomePageLoaded -->
        <test-method signature="verifyAddtoCart()[pri:6, instance:com.qa.Swaglabs.tests.HomePageTest@55c53a33]" started-at="2025-07-25T13:47:05 IST" name="verifyAddtoCart" description="To verify that Add to Cart functionality works" finished-at="2025-07-25T13:47:06 IST" depends-on-methods="com.qa.Swaglabs.tests.HomePageTest.verifyHomePageLoaded" duration-ms="172" status="PASS">
          <reporter-output>
          </reporter-output>
        </test-method> <!-- verifyAddtoCart -->
        <test-method signature="verifyRemoveFromBasket()[pri:7, instance:com.qa.Swaglabs.tests.HomePageTest@55c53a33]" started-at="2025-07-25T13:47:06 IST" name="verifyRemoveFromBasket" description="To verify that Remove from Cart functionality works" finished-at="2025-07-25T13:47:16 IST" depends-on-methods="com.qa.Swaglabs.tests.HomePageTest.verifyAddtoCart" duration-ms="10135" status="PASS">
          <reporter-output>
          </reporter-output>
        </test-method> <!-- verifyRemoveFromBasket -->
        <test-method is-config="true" signature="tearDown()[pri:0, instance:com.qa.Swaglabs.tests.HomePageTest@55c53a33]" started-at="2025-07-25T13:47:16 IST" name="tearDown" finished-at="2025-07-25T13:47:16 IST" duration-ms="498" status="PASS">
          <reporter-output>
          </reporter-output>
        </test-method> <!-- tearDown -->
      </class> <!-- com.qa.Swaglabs.tests.HomePageTest -->
    </test> <!-- Default test -->
  </suite> <!-- Default suite -->
</testng-results>
