<?xml version="1.0" encoding="UTF-8"?>
<!-- Generated by org.testng.reporters.JUnitXMLReporter -->
<testsuite ignored="0" hostname="PS-WIN-LP-676" failures="0" tests="6" name="loginTest" time="12.072" errors="0" timestamp="2025-07-23T17:38:25 IST">
  <testcase classname="com.qa.Swaglabs.tests.LoginPageTest" name="verifyUrl" time="0.019"/>
  <testcase classname="com.qa.Swaglabs.tests.LoginPageTest" name="verifyWrongCreds" time="0.489"/>
  <testcase classname="com.qa.Swaglabs.tests.LoginPageTest" name="verifyWrongCreds" time="0.246"/>
  <testcase classname="com.qa.Swaglabs.tests.LoginPageTest" name="verifyWrongCreds" time="0.244"/>
  <testcase classname="com.qa.Swaglabs.tests.LoginPageTest" name="verifyWrongCreds" time="0.375"/>
  <testcase classname="com.qa.Swaglabs.tests.LoginPageTest" name="verifyLogin" time="0.276"/>
</testsuite> <!-- loginTest -->
